<?xml version="1.0" encoding="UTF-8"?>
<!-- Generated by org.testng.reporters.JUnitXMLReporter -->
<testsuite ignored="1" hostname="OnursPC" failures="2" tests="6" name="Test" time="60.883" errors="0" timestamp="2023-07-06T22:59:41 EDT">
  <testcase classname="com.tn.qa.testcases.TN_LogInTest" name="loginWithValidCredentials" time="1.709"/>
  <testcase classname="com.tn.qa.testcases.TN_LogInTest" name="loginWithInvalidCredentials" time="1.2">
    <failure type="java.lang.AssertionError" message="The following asserts failed:
	expected [Warning: No match for E-Mail Address and/or Password.] but found [Warning: Your account has exceeded allowed number of login attempts. Please try again in 1 hour.]">
      <![CDATA[java.lang.AssertionError: The following asserts failed:
expected [Warning: No match for E-Mail Address and/or Password.] but found [Warning: Your account has exceeded allowed number of login attempts. Please try again in 1 hour.]
at com.tn.qa.testcases.TN_LogInTest.loginWithInvalidCredentials(TN_LogInTest.java:65)
at java.base/java.util.ArrayList.forEach(ArrayList.java:1511)
... Removed 33 stack frames]]>
    </failure>
  </testcase> <!-- loginWithInvalidCredentials -->
  <testcase classname="com.tn.qa.testcases.TN_LogInTest" name="loginWithNoCredential" time="1.002">
    <failure type="java.lang.AssertionError" message="The following asserts failed:
	expected [Warning: No match for E-Mail Address and/or Password.] but found [Warning: Your account has exceeded allowed number of login attempts. Please try again in 1 hour.]">
      <![CDATA[java.lang.AssertionError: The following asserts failed:
expected [Warning: No match for E-Mail Address and/or Password.] but found [Warning: Your account has exceeded allowed number of login attempts. Please try again in 1 hour.]
at com.tn.qa.testcases.TN_LogInTest.loginWithNoCredential(TN_LogInTest.java:78)
at java.base/java.util.ArrayList.forEach(ArrayList.java:1511)
... Removed 33 stack frames]]>
    </failure>
  </testcase> <!-- loginWithNoCredential -->
  <testcase classname="com.tn.qa.testcases.TN_Registration" name="registerAccountWithExistingEmail" time="3.373"/>
  <testcase classname="com.tn.qa.testcases.TN_SearchProduct" name="searchWithInvalidProduct" time="0.764"/>
  <testcase classname="com.tn.qa.testcases.TN_SearchProduct" name="verifySearchWithoutProduct" time="0.562"/>
  <testcase classname="com.tn.qa.testcases.TN_Registration" name="registerWithMandatoryFields" time="0.0">
    <ignored/>
  </testcase> <!-- registerWithMandatoryFields -->
</testsuite> <!-- Test -->
